<?xml version="1.0" encoding="UTF-8" ?>
<testsuite tests="3" failures="0" name="com.tecsup.gestion.dao.DepartmentDAOTest" time="9.61" errors="0" skipped="0">
  <properties>
[...]
</properties>
  <testcase classname="com.tecsup.gestion.dao.DepartmentDAOTest" name="actualizarDepartment" time="7.017"/>
  <testcase classname="com.tecsup.gestion.dao.DepartmentDAOTest" name="eliminarDepartment" time="1.883"/>
  <testcase classname="com.tecsup.gestion.dao.DepartmentDAOTest" name="listarDepartment" time="0.71"/>
</testsuite>